<?xml version="1.0" encoding="UTF-8"?>
<!-- Generated by org.testng.reporters.JUnitReportReporter -->
<testsuite hostname="Chaitra" failures="0" tests="1" name="com.testscripts.demoblazeweb.Login" time="13.929" errors="0" timestamp="2023-09-14T18:28:08 IST" skipped="0">
  <testcase classname="com.testscripts.demoblazeweb.Login" name="Demo" time="13.929"/>
</testsuite> <!-- com.testscripts.demoblazeweb.Login -->
