<?xml version="1.0" encoding="UTF-8"?>
<!-- Generated by org.testng.reporters.JUnitReportReporter -->
<testsuite hostname="Chaitra" failures="0" tests="1" name="com.testscripts.demoblazeweb.Scroll" time="9.432" errors="0" timestamp="2023-09-16T23:41:49 IST" skipped="0">
  <testcase classname="com.testscripts.demoblazeweb.Scroll" name="scollIntoView1" time="9.432"/>
</testsuite> <!-- com.testscripts.demoblazeweb.Scroll -->
