<?xml version="1.0" encoding="UTF-8"?>
<!-- Generated by org.testng.reporters.JUnitReportReporter -->
<testsuite hostname="Chaitra" failures="0" tests="1" name="com.testscripts.demoblazeweb.AddToCart" time="17.721" errors="0" timestamp="2023-09-16T22:56:05 IST" skipped="0">
  <testcase classname="com.testscripts.demoblazeweb.AddToCart" name="addToCartTest1" time="17.721"/>
</testsuite> <!-- com.testscripts.demoblazeweb.AddToCart -->
